<html>
<head>
<title>TestNG:  TC_0028_Regression_MGSLightning_ChangeClubTypeNextBillingCycle_DecreasedCost</title>
<link href="../testng.css" rel="stylesheet" type="text/css" />
<link href="../my-testng.css" rel="stylesheet" type="text/css" />

<style type="text/css">
.log { display: none;} 
.stack-trace { display: none;} 
</style>
<script type="text/javascript">
<!--
function flip(e) {
  current = e.style.display;
  if (current == 'block') {
    e.style.display = 'none';
    return 0;
  }
  else {
    e.style.display = 'block';
    return 1;
  }
}

function toggleBox(szDivId, elem, msg1, msg2)
{
  var res = -1;  if (document.getElementById) {
    res = flip(document.getElementById(szDivId));
  }
  else if (document.all) {
    // this is the way old msie versions work
    res = flip(document.all[szDivId]);
  }
  if(elem) {
    if(res == 0) elem.innerHTML = msg1; else elem.innerHTML = msg2;
  }

}

function toggleAllBoxes() {
  if (document.getElementsByTagName) {
    d = document.getElementsByTagName('div');
    for (i = 0; i < d.length; i++) {
      if (d[i].className == 'log') {
        flip(d[i]);
      }
    }
  }
}

// -->
</script>

</head>
<body>
<h2 align='center'>TC_0028_Regression_MGSLightning_ChangeClubTypeNextBillingCycle_DecreasedCost</h2><table border='1' align="center">
<tr>
<td>Tests passed/Failed/Skipped:</td><td>0/0/1</td>
</tr><tr>
<td>Started on:</td><td>Thu Oct 10 07:05:19 CDT 2019</td>
</tr>
<tr><td>Total time:</td><td>74 seconds (74735 ms)</td>
</tr><tr>
<td>Included groups:</td><td></td>
</tr><tr>
<td>Excluded groups:</td><td></td>
</tr>
</table><p/>
<small><i>(Hover the method name to see the test class name)</i></small><p/>
<table width='100%' border='1' class='invocation-passed'>
<tr><td colspan='4' align='center'><b>PASSED TESTS</b></td></tr>
<tr><td><b>Test method</b></td>
<td width="30%"><b>Exception</b></td>
<td width="10%"><b>Time (seconds)</b></td>
<td><b>Instance</b></td>
</tr>
<tr>
<td title='com.MGSLightning_Execution_Classes.TC_0027_Regression_MGSLightning_ChangeDeliveryNextBillingCycle.TC_0027_Regression_MGSLightning_ChangeDeliveryNextBillingCycle()'><b>TC_0027_Regression_MGSLightning_ChangeDeliveryNextBillingCycle</b><br>Test class: com.MGSLightning_Execution_Classes.TC_0027_Regression_MGSLightning_ChangeDeliveryNextBillingCycle</td>
<td></td>
<td>326</td>
<td>com.MGSLightning_Execution_Classes.TC_0027_Regression_MGSLightning_ChangeDeliveryNextBillingCycle@4e41089d</td></tr>
</table><p>
<table width='100%' border='1' class='invocation-skipped'>
<tr><td colspan='4' align='center'><b>SKIPPED TESTS</b></td></tr>
<tr><td><b>Test method</b></td>
<td width="30%"><b>Exception</b></td>
<td width="10%"><b>Time (seconds)</b></td>
<td><b>Instance</b></td>
</tr>
<tr>
<td title='com.MGSLightning_Execution_Classes.TC_0028_Regression_MGSLightning_ChangeClubTypeNextBillingCycle_DecreasedCost.TC_0028_Regression_MGSClassic_ChangeClubTypeNextBillingCycle_DecreasedCost()'><b>TC_0028_Regression_MGSClassic_ChangeClubTypeNextBillingCycle_DecreasedCost</b><br>Test class: com.MGSLightning_Execution_Classes.TC_0028_Regression_MGSLightning_ChangeClubTypeNextBillingCycle_DecreasedCost</td>
<td><div><pre>org.openqa.selenium.SessionNotCreatedException: session not created
from chrome not reachable
  (Session info: chrome=77.0.3865.90)
Build info: version: &apos;3.12.0&apos;, revision: &apos;7c6e0b3&apos;, time: &apos;2018-05-08T14:04:26.12Z&apos;
System info: host: &apos;TP-LAP0039&apos;, ip: &apos;192.168.0.181&apos;, os.name: &apos;Windows 10&apos;, os.arch: &apos;amd64&apos;, os.version: &apos;10.0&apos;, java.version: &apos;1.8.0_201&apos;
Driver info: driver.version: ChromeDriver
remote stacktrace: Backtrace:
	Ordinal0 [0x00247C53+1473619]
	Ordinal0 [0x001CAD71+961905]
	Ordinal0 [0x0015415C+475484]
	Ordinal0 [0x0014DAEA+449258]
	Ordinal0 [0x0014E188+450952]
	Ordinal0 [0x0014F295+455317]
	Ordinal0 [0x0014B495+439445]
	Ordinal0 [0x00154F10+478992]
	Ordinal0 [0x001098FE+170238]
	Ordinal0 [0x00108D1D+167197]
	Ordinal0 [0x0010742B+160811]
	Ordinal0 [0x000F0AE6+68326]
	Ordinal0 [0x000F1BF0+72688]
	Ordinal0 [0x000F1B89+72585]
	Ordinal0 [0x001E4B37+1067831]
	GetHandleVerifier [0x002E6845+506677]
	GetHandleVerifier [0x002E65E0+506064]
	GetHandleVerifier [0x002ED188+533624]
	GetHandleVerifier [0x002E701A+508682]
	Ordinal0 [0x001DC226+1032742]
	Ordinal0 [0x001DC09F+1032351]
	Ordinal0 [0x001E6A4B+1075787]
	Ordinal0 [0x001E6BB3+1076147]
	Ordinal0 [0x001E5B65+1071973]
	BaseThreadInitThunk [0x76D66359+25]
	RtlGetAppContainerNamedObjectPath [0x770D7B74+228]
	RtlGetAppContainerNamedObjectPath [0x770D7B44+180]
	(No symbol) [0x00000000]

	at org.openqa.selenium.remote.W3CHandshakeResponse.lambda$new$0(W3CHandshakeResponse.java:57)
	at org.openqa.selenium.remote.W3CHandshakeResponse.lambda$getResponseFunction$2(W3CHandshakeResponse.java:104)
	at org.openqa.selenium.remote.ProtocolHandshake.lambda$createSession$0(ProtocolHandshake.java:123)
	at java.util.stream.ReferencePipeline$3$1.accept(ReferencePipeline.java:193)
	at java.util.Spliterators$ArraySpliterator.tryAdvance(Spliterators.java:958)
	at java.util.stream.ReferencePipeline.forEachWithCancel(ReferencePipeline.java:126)
	at java.util.stream.AbstractPipeline.copyIntoWithCancel(AbstractPipeline.java:498)
	at java.util.stream.AbstractPipeline.copyInto(AbstractPipeline.java:485)
	at java.util.stream.AbstractPipeline.wrapAndCopyInto(AbstractPipeline.java:471)
	at java.util.stream.FindOps$FindOp.evaluateSequential(FindOps.java:152)
	at java.util.stream.AbstractPipeline.evaluate(AbstractPipeline.java:234)
	at java.util.stream.ReferencePipeline.findFirst(ReferencePipeline.java:464)
	at org.openqa.selenium.remote.ProtocolHandshake.createSession(ProtocolHandshake.java:126)
	at org.openqa.selenium.remote.ProtocolHandshake.createSession(ProtocolHandshake.java:73)
	at org.openqa.selenium.remote.HttpCommandExecutor.execute(HttpCommandExecutor.java:136)
	at org.openqa.selenium.remote.service.DriverCommandExecutor.execute(DriverCommandExecutor.java:83)
	at org.openqa.selenium.remote.RemoteWebDriver.execute(RemoteWebDriver.java:543)
	at org.openqa.selenium.remote.RemoteWebDriver.startSession(RemoteWebDriver.java:207)
	at org.openqa.selenium.remote.RemoteWebDriver.&lt;init&gt;(RemoteWebDriver.java:130)
	at org.openqa.selenium.chrome.ChromeDriver.&lt;init&gt;(ChromeDriver.java:181)
	at org.openqa.selenium.chrome.ChromeDriver.&lt;init&gt;(ChromeDriver.java:168)
	at org.openqa.selenium.chrome.ChromeDriver.&lt;init&gt;(ChromeDriver.java:157)
	at com.Utils.LaunchBrowser.LaunchBrowserapp(LaunchBrowser.java:64)
	at com.MGSLightning_Execution_Classes.TC_0028_Regression_MGSLightning_ChangeClubTypeNextBillingCycle_DecreasedCost.Beforetest(TC_0028_Regression_MGSLightning_ChangeClubTypeNextBillingCycle_DecreasedCost.java:40)
... Removed 28 stack frames</pre></div><a href='#' onClick='toggleBox("stack-trace2104428878", this, "Click to show all stack frames", "Click to hide stack frames")'>Click to show all stack frames</a>
<div class='stack-trace' id='stack-trace2104428878'><pre>org.openqa.selenium.SessionNotCreatedException: session not created
from chrome not reachable
  (Session info: chrome=77.0.3865.90)
Build info: version: &apos;3.12.0&apos;, revision: &apos;7c6e0b3&apos;, time: &apos;2018-05-08T14:04:26.12Z&apos;
System info: host: &apos;TP-LAP0039&apos;, ip: &apos;192.168.0.181&apos;, os.name: &apos;Windows 10&apos;, os.arch: &apos;amd64&apos;, os.version: &apos;10.0&apos;, java.version: &apos;1.8.0_201&apos;
Driver info: driver.version: ChromeDriver
remote stacktrace: Backtrace:
	Ordinal0 [0x00247C53+1473619]
	Ordinal0 [0x001CAD71+961905]
	Ordinal0 [0x0015415C+475484]
	Ordinal0 [0x0014DAEA+449258]
	Ordinal0 [0x0014E188+450952]
	Ordinal0 [0x0014F295+455317]
	Ordinal0 [0x0014B495+439445]
	Ordinal0 [0x00154F10+478992]
	Ordinal0 [0x001098FE+170238]
	Ordinal0 [0x00108D1D+167197]
	Ordinal0 [0x0010742B+160811]
	Ordinal0 [0x000F0AE6+68326]
	Ordinal0 [0x000F1BF0+72688]
	Ordinal0 [0x000F1B89+72585]
	Ordinal0 [0x001E4B37+1067831]
	GetHandleVerifier [0x002E6845+506677]
	GetHandleVerifier [0x002E65E0+506064]
	GetHandleVerifier [0x002ED188+533624]
	GetHandleVerifier [0x002E701A+508682]
	Ordinal0 [0x001DC226+1032742]
	Ordinal0 [0x001DC09F+1032351]
	Ordinal0 [0x001E6A4B+1075787]
	Ordinal0 [0x001E6BB3+1076147]
	Ordinal0 [0x001E5B65+1071973]
	BaseThreadInitThunk [0x76D66359+25]
	RtlGetAppContainerNamedObjectPath [0x770D7B74+228]
	RtlGetAppContainerNamedObjectPath [0x770D7B44+180]
	(No symbol) [0x00000000]

	at sun.reflect.NativeConstructorAccessorImpl.newInstance0(Native Method)
	at sun.reflect.NativeConstructorAccessorImpl.newInstance(NativeConstructorAccessorImpl.java:62)
	at sun.reflect.DelegatingConstructorAccessorImpl.newInstance(DelegatingConstructorAccessorImpl.java:45)
	at java.lang.reflect.Constructor.newInstance(Constructor.java:423)
	at org.openqa.selenium.remote.W3CHandshakeResponse.lambda$new$0(W3CHandshakeResponse.java:57)
	at org.openqa.selenium.remote.W3CHandshakeResponse.lambda$getResponseFunction$2(W3CHandshakeResponse.java:104)
	at org.openqa.selenium.remote.ProtocolHandshake.lambda$createSession$0(ProtocolHandshake.java:123)
	at java.util.stream.ReferencePipeline$3$1.accept(ReferencePipeline.java:193)
	at java.util.Spliterators$ArraySpliterator.tryAdvance(Spliterators.java:958)
	at java.util.stream.ReferencePipeline.forEachWithCancel(ReferencePipeline.java:126)
	at java.util.stream.AbstractPipeline.copyIntoWithCancel(AbstractPipeline.java:498)
	at java.util.stream.AbstractPipeline.copyInto(AbstractPipeline.java:485)
	at java.util.stream.AbstractPipeline.wrapAndCopyInto(AbstractPipeline.java:471)
	at java.util.stream.FindOps$FindOp.evaluateSequential(FindOps.java:152)
	at java.util.stream.AbstractPipeline.evaluate(AbstractPipeline.java:234)
	at java.util.stream.ReferencePipeline.findFirst(ReferencePipeline.java:464)
	at org.openqa.selenium.remote.ProtocolHandshake.createSession(ProtocolHandshake.java:126)
	at org.openqa.selenium.remote.ProtocolHandshake.createSession(ProtocolHandshake.java:73)
	at org.openqa.selenium.remote.HttpCommandExecutor.execute(HttpCommandExecutor.java:136)
	at org.openqa.selenium.remote.service.DriverCommandExecutor.execute(DriverCommandExecutor.java:83)
	at org.openqa.selenium.remote.RemoteWebDriver.execute(RemoteWebDriver.java:543)
	at org.openqa.selenium.remote.RemoteWebDriver.startSession(RemoteWebDriver.java:207)
	at org.openqa.selenium.remote.RemoteWebDriver.&lt;init&gt;(RemoteWebDriver.java:130)
	at org.openqa.selenium.chrome.ChromeDriver.&lt;init&gt;(ChromeDriver.java:181)
	at org.openqa.selenium.chrome.ChromeDriver.&lt;init&gt;(ChromeDriver.java:168)
	at org.openqa.selenium.chrome.ChromeDriver.&lt;init&gt;(ChromeDriver.java:157)
	at com.Utils.LaunchBrowser.LaunchBrowserapp(LaunchBrowser.java:64)
	at com.MGSLightning_Execution_Classes.TC_0028_Regression_MGSLightning_ChangeClubTypeNextBillingCycle_DecreasedCost.Beforetest(TC_0028_Regression_MGSLightning_ChangeClubTypeNextBillingCycle_DecreasedCost.java:40)
	at sun.reflect.NativeMethodAccessorImpl.invoke0(Native Method)
	at sun.reflect.NativeMethodAccessorImpl.invoke(NativeMethodAccessorImpl.java:62)
	at sun.reflect.DelegatingMethodAccessorImpl.invoke(DelegatingMethodAccessorImpl.java:43)
	at java.lang.reflect.Method.invoke(Method.java:498)
	at org.testng.internal.MethodInvocationHelper.invokeMethod(MethodInvocationHelper.java:133)
	at org.testng.internal.MethodInvocationHelper.invokeMethodConsideringTimeout(MethodInvocationHelper.java:62)
	at org.testng.internal.ConfigInvoker.invokeConfigurationMethod(ConfigInvoker.java:340)
	at org.testng.internal.ConfigInvoker.invokeConfigurations(ConfigInvoker.java:294)
	at org.testng.TestRunner.invokeTestConfigurations(TestRunner.java:623)
	at org.testng.TestRunner.beforeRun(TestRunner.java:613)
	at org.testng.TestRunner.run(TestRunner.java:584)
	at org.testng.SuiteRunner.runTest(SuiteRunner.java:402)
	at org.testng.SuiteRunner.runSequentially(SuiteRunner.java:396)
	at org.testng.SuiteRunner.privateRun(SuiteRunner.java:355)
	at org.testng.SuiteRunner.run(SuiteRunner.java:304)
	at org.testng.SuiteRunnerWorker.runSuite(SuiteRunnerWorker.java:53)
	at org.testng.SuiteRunnerWorker.run(SuiteRunnerWorker.java:96)
	at org.testng.TestNG.runSuitesSequentially(TestNG.java:1180)
	at org.testng.TestNG.runSuitesLocally(TestNG.java:1102)
	at org.testng.TestNG.runSuites(TestNG.java:1032)
	at org.testng.TestNG.run(TestNG.java:1000)
	at org.testng.remote.AbstractRemoteTestNG.run(AbstractRemoteTestNG.java:115)
	at org.testng.remote.RemoteTestNG.initAndRun(RemoteTestNG.java:251)
	at org.testng.remote.RemoteTestNG.main(RemoteTestNG.java:77)
</pre></div></td>
<td>0</td>
<td>com.MGSLightning_Execution_Classes.TC_0028_Regression_MGSLightning_ChangeClubTypeNextBillingCycle_DecreasedCost@49e202ad</td></tr>
</table><p>
</body>
</html>