<?xml version="1.0" encoding="UTF-8"?>
<!-- Generated by org.testng.reporters.JUnitXMLReporter -->
<testsuite hostname="00-PARIGUE" ignored="0" name="Test10" tests="1" failures="1" timestamp="15 Mar 2019 18:35:08 GMT" time="847.511" errors="0">
  <testcase name="LightningFounderSignUP" time="766.556" classname="com.MGS_Execution_Classes.LightningGiftMember_SignUp">
    <failure type="java.lang.AssertionError" message="expected [true] but found [false]">
      <![CDATA[java.lang.AssertionError: expected [true] but found [false]
at com.CommonPages.BasePages.verifyTextEqualWithOutLog(BasePages.java:441)
at com.MGS.Pages.Page_GiftMembersEntry.ReadOnlyGiftCostofMembership(Page_GiftMembersEntry.java:138)
at com.MGS.Pages.Page_GiftMembersEntry.EnterGiftMemberInformation(Page_GiftMembersEntry.java:164)
at com.CommonPages.Pages.LightningEnterGiftMemberInformation(Pages.java:143)
at com.MGS_Execution_Classes.LightningGiftMember_SignUp.LightningFounderSignUP(LightningGiftMember_SignUp.java:67)
... Removed 29 stack frames]]>
    </failure>
  </testcase> <!-- LightningFounderSignUP -->
</testsuite> <!-- Test10 -->
