<?xml version="1.0" encoding="UTF-8"?>
<!-- Generated by org.testng.reporters.JUnitXMLReporter -->
<testsuite hostname="00-PARIGUE" ignored="0" name="Test3" tests="1" failures="1" timestamp="15 Mar 2019 17:37:17 GMT" time="675.493" errors="0">
  <testcase name="GiftMemberSignUP" time="606.72" classname="com.MGS_Execution_Classes.ClassicGiftMember_SignUp">
    <failure type="java.lang.AssertionError" message="expected [true] but found [false]">
      <![CDATA[java.lang.AssertionError: expected [true] but found [false]
at com.CommonPages.BasePages.verifyTextEqualWithOutLog(BasePages.java:441)
at com.MGS.Pages.Page_GiftMembersEntry.ReadOnlyGiftCostofMembership(Page_GiftMembersEntry.java:138)
at com.MGS.Pages.Page_GiftMembersEntry.EnterGiftMemberInformation(Page_GiftMembersEntry.java:164)
at com.CommonPages.Pages.ClassicEnterGiftMemberInformation(Pages.java:138)
at com.MGS_Execution_Classes.ClassicGiftMember_SignUp.GiftMemberSignUP(ClassicGiftMember_SignUp.java:64)
... Removed 29 stack frames]]>
    </failure>
  </testcase> <!-- GiftMemberSignUP -->
</testsuite> <!-- Test3 -->
