<?xml version="1.0" encoding="UTF-8"?>
<!-- Generated by org.testng.reporters.JUnitReportReporter -->
<testsuite skipped="1" hostname="TP-LAP0039" name="com.MGSLightning_Execution_Classes.TC_0030_Regression_MGSLightning_ChangeClubTypeNextBillingCycle_IncreasedCost" tests="2" failures="0" timestamp="09 Oct 2019 15:52:00 GMT" time="35.611" errors="1">
  <testcase name="Beforetest" time="35.611" classname="com.MGSLightning_Execution_Classes.TC_0030_Regression_MGSLightning_ChangeClubTypeNextBillingCycle_IncreasedCost">
    <error type="org.openqa.selenium.SessionNotCreatedException" message="session not created: This version of ChromeDriver only supports Chrome version 78
Build info: version: &#039;3.12.0&#039;, revision: &#039;7c6e0b3&#039;, time: &#039;2018-05-08T14:04:26.12Z&#039;
System info: host: &#039;TP-LAP0039&#039;, ip: &#039;192.168.0.181&#039;, os.name: &#039;Windows 10&#039;, os.arch: &#039;amd64&#039;, os.version: &#039;10.0&#039;, java.version: &#039;1.8.0_201&#039;
Driver info: driver.version: ChromeDriver
remote stacktrace: Backtrace:
	Ordinal0 [0x0066AA43+1550915]
	Ordinal0 [0x005EA901+1026305]
	Ordinal0 [0x0056C915+510229]
	Ordinal0 [0x004FFC68+64616]
	Ordinal0 [0x004FC594+50580]
	Ordinal0 [0x0051ACE7+175335]
	Ordinal0 [0x0051A8ED+174317]
	Ordinal0 [0x00518CDB+167131]
	Ordinal0 [0x0050144A+70730]
	Ordinal0 [0x005024D0+74960]
	Ordinal0 [0x00502469+74857]
	Ordinal0 [0x006044C7+1131719]
	GetHandleVerifier [0x0070722D+523773]
	GetHandleVerifier [0x00706FC0+523152]
	GetHandleVerifier [0x0070E317+552679]
	GetHandleVerifier [0x00707A2A+525818]
	Ordinal0 [0x005FB9FC+1096188]
	Ordinal0 [0x0060653B+1140027]
	Ordinal0 [0x006066A3+1140387]
	Ordinal0 [0x00605625+1136165]
	BaseThreadInitThunk [0x76D66359+25]
	RtlGetAppContainerNamedObjectPath [0x770D7B74+228]
	RtlGetAppContainerNamedObjectPath [0x770D7B44+180]
">
      <![CDATA[org.openqa.selenium.SessionNotCreatedException: session not created: This version of ChromeDriver only supports Chrome version 78
Build info: version: '3.12.0', revision: '7c6e0b3', time: '2018-05-08T14:04:26.12Z'
System info: host: 'TP-LAP0039', ip: '192.168.0.181', os.name: 'Windows 10', os.arch: 'amd64', os.version: '10.0', java.version: '1.8.0_201'
Driver info: driver.version: ChromeDriver
remote stacktrace: Backtrace:
Ordinal0 [0x0066AA43+1550915]
Ordinal0 [0x005EA901+1026305]
Ordinal0 [0x0056C915+510229]
Ordinal0 [0x004FFC68+64616]
Ordinal0 [0x004FC594+50580]
Ordinal0 [0x0051ACE7+175335]
Ordinal0 [0x0051A8ED+174317]
Ordinal0 [0x00518CDB+167131]
Ordinal0 [0x0050144A+70730]
Ordinal0 [0x005024D0+74960]
Ordinal0 [0x00502469+74857]
Ordinal0 [0x006044C7+1131719]
GetHandleVerifier [0x0070722D+523773]
GetHandleVerifier [0x00706FC0+523152]
GetHandleVerifier [0x0070E317+552679]
GetHandleVerifier [0x00707A2A+525818]
Ordinal0 [0x005FB9FC+1096188]
Ordinal0 [0x0060653B+1140027]
Ordinal0 [0x006066A3+1140387]
Ordinal0 [0x00605625+1136165]
BaseThreadInitThunk [0x76D66359+25]
RtlGetAppContainerNamedObjectPath [0x770D7B74+228]
RtlGetAppContainerNamedObjectPath [0x770D7B44+180]

at sun.reflect.NativeConstructorAccessorImpl.newInstance0(Native Method)
at sun.reflect.NativeConstructorAccessorImpl.newInstance(Unknown Source)
at sun.reflect.DelegatingConstructorAccessorImpl.newInstance(Unknown Source)
at java.lang.reflect.Constructor.newInstance(Unknown Source)
at org.openqa.selenium.remote.W3CHandshakeResponse.lambda$new$0(W3CHandshakeResponse.java:57)
at org.openqa.selenium.remote.W3CHandshakeResponse.lambda$getResponseFunction$2(W3CHandshakeResponse.java:104)
at org.openqa.selenium.remote.ProtocolHandshake.lambda$createSession$0(ProtocolHandshake.java:123)
at java.util.stream.ReferencePipeline$3$1.accept(Unknown Source)
at java.util.Spliterators$ArraySpliterator.tryAdvance(Unknown Source)
at java.util.stream.ReferencePipeline.forEachWithCancel(Unknown Source)
at java.util.stream.AbstractPipeline.copyIntoWithCancel(Unknown Source)
at java.util.stream.AbstractPipeline.copyInto(Unknown Source)
at java.util.stream.AbstractPipeline.wrapAndCopyInto(Unknown Source)
at java.util.stream.FindOps$FindOp.evaluateSequential(Unknown Source)
at java.util.stream.AbstractPipeline.evaluate(Unknown Source)
at java.util.stream.ReferencePipeline.findFirst(Unknown Source)
at org.openqa.selenium.remote.ProtocolHandshake.createSession(ProtocolHandshake.java:126)
at org.openqa.selenium.remote.ProtocolHandshake.createSession(ProtocolHandshake.java:73)
at org.openqa.selenium.remote.HttpCommandExecutor.execute(HttpCommandExecutor.java:136)
at org.openqa.selenium.remote.service.DriverCommandExecutor.execute(DriverCommandExecutor.java:83)
at org.openqa.selenium.remote.RemoteWebDriver.execute(RemoteWebDriver.java:543)
at org.openqa.selenium.remote.RemoteWebDriver.startSession(RemoteWebDriver.java:207)
at org.openqa.selenium.remote.RemoteWebDriver.<init>(RemoteWebDriver.java:130)
at org.openqa.selenium.chrome.ChromeDriver.<init>(ChromeDriver.java:181)
at org.openqa.selenium.chrome.ChromeDriver.<init>(ChromeDriver.java:168)
at org.openqa.selenium.chrome.ChromeDriver.<init>(ChromeDriver.java:157)
at com.Utils.LaunchBrowser.LaunchBrowserapp(LaunchBrowser.java:64)
at com.MGSLightning_Execution_Classes.TC_0030_Regression_MGSLightning_ChangeClubTypeNextBillingCycle_IncreasedCost.Beforetest(TC_0030_Regression_MGSLightning_ChangeClubTypeNextBillingCycle_IncreasedCost.java:40)
at sun.reflect.NativeMethodAccessorImpl.invoke0(Native Method)
at sun.reflect.NativeMethodAccessorImpl.invoke(Unknown Source)
at sun.reflect.DelegatingMethodAccessorImpl.invoke(Unknown Source)
at java.lang.reflect.Method.invoke(Unknown Source)
at org.testng.internal.MethodInvocationHelper.invokeMethod(MethodInvocationHelper.java:124)
at org.testng.internal.MethodInvocationHelper.invokeMethodConsideringTimeout(MethodInvocationHelper.java:59)
at org.testng.internal.Invoker.invokeConfigurationMethod(Invoker.java:458)
at org.testng.internal.Invoker.invokeConfigurations(Invoker.java:222)
at org.testng.internal.Invoker.invokeConfigurations(Invoker.java:142)
at org.testng.TestRunner.beforeRun(TestRunner.java:529)
at org.testng.TestRunner.run(TestRunner.java:497)
at org.testng.SuiteRunner.runTest(SuiteRunner.java:455)
at org.testng.SuiteRunner.runSequentially(SuiteRunner.java:450)
at org.testng.SuiteRunner.privateRun(SuiteRunner.java:415)
at org.testng.SuiteRunner.run(SuiteRunner.java:364)
at org.testng.SuiteRunnerWorker.runSuite(SuiteRunnerWorker.java:52)
at org.testng.SuiteRunnerWorker.run(SuiteRunnerWorker.java:84)
at org.testng.TestNG.runSuitesSequentially(TestNG.java:1208)
at org.testng.TestNG.runSuitesLocally(TestNG.java:1137)
at org.testng.TestNG.runSuites(TestNG.java:1049)
at org.testng.TestNG.run(TestNG.java:1017)
at org.testng.remote.AbstractRemoteTestNG.run(AbstractRemoteTestNG.java:115)
at org.testng.remote.RemoteTestNG.initAndRun(RemoteTestNG.java:251)
at org.testng.remote.RemoteTestNG.main(RemoteTestNG.java:77)
]]>
    </error>
  </testcase> <!-- Beforetest -->
  <testcase name="TC_0030_Regression_MGSClassic_ChangeClubTypeNextBillingCycle_IncreasedCost" time="0.000" classname="com.MGSLightning_Execution_Classes.TC_0030_Regression_MGSLightning_ChangeClubTypeNextBillingCycle_IncreasedCost">
    <skipped/>
  </testcase> <!-- TC_0030_Regression_MGSClassic_ChangeClubTypeNextBillingCycle_IncreasedCost -->
</testsuite> <!-- com.MGSLightning_Execution_Classes.TC_0030_Regression_MGSLightning_ChangeClubTypeNextBillingCycle_IncreasedCost -->
